Android/todosEjercicios/app/build/intermediates/manifest_merge_blame_file/debug/manifest-merger-blame-debug-report.txt
1<?xml version="1.0" encoding="utf-8"?>
2<manifest xmlns:android="http://schemas.android.com/apk/res/android"
3    package="com.example.todosejercicios"
4    android:versionCode="1"
5    android:versionName="1.0" >
6
7    <uses-sdk
8        android:minSdkVersion="27"
9        android:targetSdkVersion="33" />
10
11    <permission android:name="android.permission.QUERY_ALL_PACKAGES" />
11-->src\main\AndroidManifest.xml:5:5-7:51
11-->src\main\AndroidManifest.xml:6:9-61
12
13    <uses-feature
13-->src\main\AndroidManifest.xml:9:5-11:36
14        android:name="android.hardware.telephony"
14-->src\main\AndroidManifest.xml:10:9-50
15        android:required="false" />
15-->src\main\AndroidManifest.xml:11:9-33
16
17    <queries>
17-->src\main\AndroidManifest.xml:13:5-26:15
18        <intent>
18-->src\main\AndroidManifest.xml:14:9-16:18
19            <action android:name="android.intent.action.DIAL" />
19-->src\main\AndroidManifest.xml:15:13-65
19-->src\main\AndroidManifest.xml:15:21-62
20        </intent>
21        <intent>
21-->src\main\AndroidManifest.xml:17:9-19:18
22            <action android:name="android.intent.action.VIEW" />
22-->src\main\AndroidManifest.xml:18:13-65
22-->src\main\AndroidManifest.xml:18:21-62
23        </intent>
24        <intent>
24-->src\main\AndroidManifest.xml:20:9-22:18
25            <action android:name="android.intent.action.WEB_SEARCH" />
25-->src\main\AndroidManifest.xml:21:13-71
25-->src\main\AndroidManifest.xml:21:21-68
26        </intent>
27        <intent>
27-->src\main\AndroidManifest.xml:23:9-25:18
28            <action android:name="android.intent.action.SET_ALARM" />
28-->src\main\AndroidManifest.xml:24:13-70
28-->src\main\AndroidManifest.xml:24:21-67
29        </intent>
30    </queries>
31
32    <uses-permission android:name="android.permission.INTERNET" />
32-->src\main\AndroidManifest.xml:28:5-67
32-->src\main\AndroidManifest.xml:28:22-64
33    <uses-permission android:name="com.android.alarm.permission.SET_ALARM" />
33-->src\main\AndroidManifest.xml:29:5-78
33-->src\main\AndroidManifest.xml:29:22-75
34    <uses-permission android:name="android.permission.VIBRATE" />
34-->src\main\AndroidManifest.xml:30:5-66
34-->src\main\AndroidManifest.xml:30:22-63
35    <uses-permission android:name="android.permission.CALL_PHONE" />
35-->src\main\AndroidManifest.xml:31:5-69
35-->src\main\AndroidManifest.xml:31:22-66
36    <uses-permission android:name="android:usesCleartextTraffic=true" />
36-->src\main\AndroidManifest.xml:32:5-73
36-->src\main\AndroidManifest.xml:32:22-70
37
38    <permission
38-->[androidx.core:core:1.9.0] AndroidManifest.xml:22:5-24:47
39        android:name="com.example.todosejercicios.DYNAMIC_RECEIVER_NOT_EXPORTED_PERMISSION"
39-->[androidx.core:core:1.9.0] AndroidManifest.xml:23:9-81
40        android:protectionLevel="signature" />
40-->[androidx.core:core:1.9.0] AndroidManifest.xml:24:9-44
41
42    <uses-permission android:name="com.example.todosejercicios.DYNAMIC_RECEIVER_NOT_EXPORTED_PERMISSION" />
42-->[androidx.core:core:1.9.0] AndroidManifest.xml:26:5-97
42-->[androidx.core:core:1.9.0] AndroidManifest.xml:26:22-94
43
44    <application
44-->src\main\AndroidManifest.xml:34:5-254:19
45        android:allowBackup="true"
45-->src\main\AndroidManifest.xml:35:9-35
46        android:appComponentFactory="androidx.core.app.CoreComponentFactory"
46-->[androidx.core:core:1.9.0] AndroidManifest.xml:28:18-86
47        android:dataExtractionRules="@xml/data_extraction_rules"
47-->src\main\AndroidManifest.xml:36:9-65
48        android:debuggable="true"
49        android:extractNativeLibs="false"
50        android:fullBackupContent="@xml/backup_rules"
50-->src\main\AndroidManifest.xml:37:9-54
51        android:icon="@mipmap/ic_launcher"
51-->src\main\AndroidManifest.xml:38:9-43
52        android:label="@string/app_name"
52-->src\main\AndroidManifest.xml:39:9-41
53        android:roundIcon="@mipmap/ic_launcher_round"
53-->src\main\AndroidManifest.xml:40:9-54
54        android:supportsRtl="true"
54-->src\main\AndroidManifest.xml:41:9-35
55        android:testOnly="true"
56        android:theme="@style/Theme.TodosEjercicios"
56-->src\main\AndroidManifest.xml:42:9-53
57        android:usesCleartextTraffic="true" >
57-->src\main\AndroidManifest.xml:43:9-44
58        <activity
58-->src\main\AndroidManifest.xml:45:9-53:20
59            android:name="com.example.todosejercicios.ut07.DestinoApi"
59-->src\main\AndroidManifest.xml:46:13-44
60            android:exported="true" >
60-->src\main\AndroidManifest.xml:47:13-36
61            <intent-filter>
61-->src\main\AndroidManifest.xml:48:13-52:29
62                <action android:name="android.intent.action.MAIN" />
62-->src\main\AndroidManifest.xml:49:17-69
62-->src\main\AndroidManifest.xml:49:25-66
63
64                <category android:name="android.intent.category.LAUNCHER" />
64-->src\main\AndroidManifest.xml:51:17-77
64-->src\main\AndroidManifest.xml:51:27-74
65            </intent-filter>
66        </activity>
67        <activity
67-->src\main\AndroidManifest.xml:54:9-56:40
68            android:name="com.example.todosejercicios.ut07.dataExtraordinaria.ServiceDestino"
68-->src\main\AndroidManifest.xml:55:13-67
69            android:exported="false" />
69-->src\main\AndroidManifest.xml:56:13-37
70        <activity
70-->src\main\AndroidManifest.xml:57:9-59:40
71            android:name="com.example.todosejercicios.ut07.dataExtraordinaria.DestinoRepo"
71-->src\main\AndroidManifest.xml:58:13-64
72            android:exported="false" />
72-->src\main\AndroidManifest.xml:59:13-37
73        <activity
73-->src\main\AndroidManifest.xml:60:9-62:40
74            android:name="com.example.todosejercicios.ut07.dataExtraordinaria.Destino"
74-->src\main\AndroidManifest.xml:61:13-60
75            android:exported="false" />
75-->src\main\AndroidManifest.xml:62:13-37
76        <activity
76-->src\main\AndroidManifest.xml:63:9-65:40
77            android:name="com.example.todosejercicios.ut02.Ej2.ServicioApiDestinos"
77-->src\main\AndroidManifest.xml:64:13-57
78            android:exported="false" />
78-->src\main\AndroidManifest.xml:65:13-37
79        <activity
79-->src\main\AndroidManifest.xml:66:9-68:40
80            android:name="com.example.todosejercicios.ut02.Ej2.RepoDestino"
80-->src\main\AndroidManifest.xml:67:13-49
81            android:exported="false" />
81-->src\main\AndroidManifest.xml:68:13-37
82        <activity
82-->src\main\AndroidManifest.xml:69:9-71:40
83            android:name="com.example.todosejercicios.ut02.Ej2.DestinoViewModel"
83-->src\main\AndroidManifest.xml:70:13-54
84            android:exported="false" />
84-->src\main\AndroidManifest.xml:71:13-37
85        <activity
85-->src\main\AndroidManifest.xml:72:9-74:40
86            android:name="com.example.todosejercicios.ut02.Ej2.DestinosAdapter"
86-->src\main\AndroidManifest.xml:73:13-53
87            android:exported="false" />
87-->src\main\AndroidManifest.xml:74:13-37
88        <activity
88-->src\main\AndroidManifest.xml:75:9-77:40
89            android:name="com.example.todosejercicios.ut02.Ej2.Destino"
89-->src\main\AndroidManifest.xml:76:13-45
90            android:exported="false" />
90-->src\main\AndroidManifest.xml:77:13-37
91        <activity
91-->src\main\AndroidManifest.xml:78:9-80:39
92            android:name="com.example.todosejercicios.ut02.Ej2.MainDestinos"
92-->src\main\AndroidManifest.xml:79:13-50
93            android:exported="false" />
93-->src\main\AndroidManifest.xml:80:13-37
94        <activity
94-->src\main\AndroidManifest.xml:81:9-84:52
95            android:name="com.example.todosejercicios.ut02.Ejercicio1BExtraordinaria"
95-->src\main\AndroidManifest.xml:82:13-59
96            android:exported="false"
96-->src\main\AndroidManifest.xml:83:13-37
97            android:screenOrientation="portrait" />
97-->src\main\AndroidManifest.xml:84:13-49
98        <activity
98-->src\main\AndroidManifest.xml:85:9-90:20
99            android:name="com.example.todosejercicios.ut02.Ejercicio1Extraordinaria"
99-->src\main\AndroidManifest.xml:86:13-58
100            android:exported="false"
100-->src\main\AndroidManifest.xml:87:13-37
101            android:screenOrientation="portrait" >
101-->src\main\AndroidManifest.xml:88:13-49
102        </activity>
103        <activity
103-->src\main\AndroidManifest.xml:92:9-94:40
104            android:name="com.example.todosejercicios.ut01.Utils"
104-->src\main\AndroidManifest.xml:93:13-39
105            android:exported="false" />
105-->src\main\AndroidManifest.xml:94:13-37
106        <activity
106-->src\main\AndroidManifest.xml:95:9-97:40
107            android:name="com.example.todosejercicios.ut01.DNITEST"
107-->src\main\AndroidManifest.xml:96:13-41
108            android:exported="false" />
108-->src\main\AndroidManifest.xml:97:13-37
109        <activity
109-->src\main\AndroidManifest.xml:98:9-100:40
110            android:name="com.example.todosejercicios.ut05.Armas"
110-->src\main\AndroidManifest.xml:99:13-39
111            android:exported="false" />
111-->src\main\AndroidManifest.xml:100:13-37
112        <activity
112-->src\main\AndroidManifest.xml:101:9-103:40
113            android:name="com.example.todosejercicios.ut05.Armamentos"
113-->src\main\AndroidManifest.xml:102:13-44
114            android:exported="false" />
114-->src\main\AndroidManifest.xml:103:13-37
115        <activity
115-->src\main\AndroidManifest.xml:104:9-106:40
116            android:name="com.example.todosejercicios.ut05.ArmamentoAdapter"
116-->src\main\AndroidManifest.xml:105:13-50
117            android:exported="false" />
117-->src\main\AndroidManifest.xml:106:13-37
118        <activity
118-->src\main\AndroidManifest.xml:107:9-109:40
119            android:name="com.example.todosejercicios.ut03.PredictExamenExtraordinaria1B"
119-->src\main\AndroidManifest.xml:108:13-63
120            android:exported="false" />
120-->src\main\AndroidManifest.xml:109:13-37
121        <activity
121-->src\main\AndroidManifest.xml:110:9-112:40
122            android:name="com.example.todosejercicios.ut03.PredictExamenExtraordinaria1"
122-->src\main\AndroidManifest.xml:111:13-62
123            android:exported="false" />
123-->src\main\AndroidManifest.xml:112:13-37
124        <activity
124-->src\main\AndroidManifest.xml:113:9-115:40
125            android:name="com.example.todosejercicios.ut03.PresupuestoFragment"
125-->src\main\AndroidManifest.xml:114:13-53
126            android:exported="false" />
126-->src\main\AndroidManifest.xml:115:13-37
127        <activity
127-->src\main\AndroidManifest.xml:116:9-118:40
128            android:name="com.example.todosejercicios.ut03.PrincipalOrdinaria1TB"
128-->src\main\AndroidManifest.xml:117:13-55
129            android:exported="false" />
129-->src\main\AndroidManifest.xml:118:13-37
130        <activity
130-->src\main\AndroidManifest.xml:119:9-121:40
131            android:name="com.example.todosejercicios.ut03.PrincipalOrdinaria1T"
131-->src\main\AndroidManifest.xml:120:13-54
132            android:exported="false" />
132-->src\main\AndroidManifest.xml:121:13-37
133        <activity
133-->src\main\AndroidManifest.xml:122:9-124:40
134            android:name="com.example.todosejercicios.ut07.CryptoApi"
134-->src\main\AndroidManifest.xml:123:13-43
135            android:exported="false" />
135-->src\main\AndroidManifest.xml:124:13-37
136        <activity
136-->src\main\AndroidManifest.xml:125:9-127:40
137            android:name="com.example.todosejercicios.ut07.dataApiExamen.ServiceCryptomoneda"
137-->src\main\AndroidManifest.xml:126:13-67
138            android:exported="false" />
138-->src\main\AndroidManifest.xml:127:13-37
139        <activity
139-->src\main\AndroidManifest.xml:128:9-130:40
140            android:name="com.example.todosejercicios.ut07.dataApiExamen.CryptomonedaRepo"
140-->src\main\AndroidManifest.xml:129:13-64
141            android:exported="false" />
141-->src\main\AndroidManifest.xml:130:13-37
142        <activity
142-->src\main\AndroidManifest.xml:131:9-133:40
143            android:name="com.example.todosejercicios.ut07.dataApiExamen.Cryptomoneda"
143-->src\main\AndroidManifest.xml:132:13-60
144            android:exported="false" />
144-->src\main\AndroidManifest.xml:133:13-37
145        <activity
145-->src\main\AndroidManifest.xml:134:9-136:40
146            android:name="com.example.todosejercicios.ut06.Ejercicio1Examen2TViewModel"
146-->src\main\AndroidManifest.xml:135:13-61
147            android:exported="false" />
147-->src\main\AndroidManifest.xml:136:13-37
148        <activity
148-->src\main\AndroidManifest.xml:137:9-139:40
149            android:name="com.example.todosejercicios.ut06.Ejercicio1Examen2T"
149-->src\main\AndroidManifest.xml:138:13-52
150            android:exported="false" />
150-->src\main\AndroidManifest.xml:139:13-37
151        <activity
151-->src\main\AndroidManifest.xml:140:9-142:40
152            android:name="com.example.todosejercicios.ut06.ParesNonesViewModel"
152-->src\main\AndroidManifest.xml:141:13-53
153            android:exported="false" />
153-->src\main\AndroidManifest.xml:142:13-37
154        <activity
154-->src\main\AndroidManifest.xml:143:9-145:40
155            android:name="com.example.todosejercicios.ut06.ParesNones"
155-->src\main\AndroidManifest.xml:144:13-44
156            android:exported="false" />
156-->src\main\AndroidManifest.xml:145:13-37
157        <activity
157-->src\main\AndroidManifest.xml:146:9-148:40
158            android:name="com.example.todosejercicios.ut07.dataPokemon.ServicePokemon"
158-->src\main\AndroidManifest.xml:147:13-60
159            android:exported="false" />
159-->src\main\AndroidManifest.xml:148:13-37
160        <activity
160-->src\main\AndroidManifest.xml:149:9-151:40
161            android:name="com.example.todosejercicios.ut07.dataPokemon.PokemonRepo"
161-->src\main\AndroidManifest.xml:150:13-57
162            android:exported="false" />
162-->src\main\AndroidManifest.xml:151:13-37
163        <activity
163-->src\main\AndroidManifest.xml:152:9-154:40
164            android:name="com.example.todosejercicios.ut07.dataPokemon.Pokemon"
164-->src\main\AndroidManifest.xml:153:13-53
165            android:exported="false" />
165-->src\main\AndroidManifest.xml:154:13-37
166        <activity
166-->src\main\AndroidManifest.xml:155:9-157:40
167            android:name="com.example.todosejercicios.ut07.PokeApi"
167-->src\main\AndroidManifest.xml:156:13-41
168            android:exported="false" />
168-->src\main\AndroidManifest.xml:157:13-37
169        <activity
169-->src\main\AndroidManifest.xml:158:9-160:40
170            android:name="com.example.todosejercicios.ut06.sumadenumerosViewModel"
170-->src\main\AndroidManifest.xml:159:13-56
171            android:exported="false" />
171-->src\main\AndroidManifest.xml:160:13-37
172        <activity
172-->src\main\AndroidManifest.xml:161:9-163:40
173            android:name="com.example.todosejercicios.ut06.sumadenumeros"
173-->src\main\AndroidManifest.xml:162:13-47
174            android:exported="false" />
174-->src\main\AndroidManifest.xml:163:13-37
175        <activity
175-->src\main\AndroidManifest.xml:164:9-166:40
176            android:name="com.example.todosejercicios.ut06.numeroaleatorioViewModel"
176-->src\main\AndroidManifest.xml:165:13-58
177            android:exported="false" />
177-->src\main\AndroidManifest.xml:166:13-37
178        <activity
178-->src\main\AndroidManifest.xml:167:9-169:40
179            android:name="com.example.todosejercicios.ut06.numeroaleatorio"
179-->src\main\AndroidManifest.xml:168:13-49
180            android:exported="false" />
180-->src\main\AndroidManifest.xml:169:13-37
181        <activity
181-->src\main\AndroidManifest.xml:170:9-172:40
182            android:name="com.example.todosejercicios.ut05.EstadiosAdapter"
182-->src\main\AndroidManifest.xml:171:13-49
183            android:exported="false" />
183-->src\main\AndroidManifest.xml:172:13-37
184        <activity
184-->src\main\AndroidManifest.xml:173:9-175:40
185            android:name="com.example.todosejercicios.ut05.EstadiosFutbol"
185-->src\main\AndroidManifest.xml:174:13-48
186            android:exported="false" />
186-->src\main\AndroidManifest.xml:175:13-37
187        <activity
187-->src\main\AndroidManifest.xml:176:9-178:40
188            android:name="com.example.todosejercicios.ut05.ListaEstadios"
188-->src\main\AndroidManifest.xml:177:13-47
189            android:exported="false" />
189-->src\main\AndroidManifest.xml:178:13-37
190        <activity
190-->src\main\AndroidManifest.xml:179:9-181:40
191            android:name="com.example.todosejercicios.ut04.EjercicioPruebaPermisos"
191-->src\main\AndroidManifest.xml:180:13-57
192            android:exported="false" />
192-->src\main\AndroidManifest.xml:181:13-37
193        <activity
193-->src\main\AndroidManifest.xml:182:9-184:40
194            android:name="com.example.todosejercicios.ut03.EjercicioInventado"
194-->src\main\AndroidManifest.xml:183:13-52
195            android:exported="false" />
195-->src\main\AndroidManifest.xml:184:13-37
196        <activity
196-->src\main\AndroidManifest.xml:185:9-187:40
197            android:name="com.example.todosejercicios.ut03.EjercicioInventadoFragment"
197-->src\main\AndroidManifest.xml:186:13-60
198            android:exported="false" />
198-->src\main\AndroidManifest.xml:187:13-37
199        <activity
199-->src\main\AndroidManifest.xml:188:9-190:40
200            android:name="com.example.todosejercicios.ut03.Ejercicio2Examen1T"
200-->src\main\AndroidManifest.xml:189:13-52
201            android:exported="false" />
201-->src\main\AndroidManifest.xml:190:13-37
202        <activity
202-->src\main\AndroidManifest.xml:191:9-193:40
203            android:name="com.example.todosejercicios.ut03.PasajerosFragment"
203-->src\main\AndroidManifest.xml:192:13-51
204            android:exported="false" />
204-->src\main\AndroidManifest.xml:193:13-37
205        <activity
205-->src\main\AndroidManifest.xml:194:9-196:40
206            android:name="com.example.todosejercicios.ut03.Ejercicio1Examen1TB"
206-->src\main\AndroidManifest.xml:195:13-53
207            android:exported="false" />
207-->src\main\AndroidManifest.xml:196:13-37
208        <activity
208-->src\main\AndroidManifest.xml:197:9-199:40
209            android:name="com.example.todosejercicios.ut03.Ejercicio1Examen1T"
209-->src\main\AndroidManifest.xml:198:13-52
210            android:exported="false" />
210-->src\main\AndroidManifest.xml:199:13-37
211        <activity
211-->src\main\AndroidManifest.xml:200:9-202:40
212            android:name="com.example.todosejercicios.ut03.PinponPrincipal"
212-->src\main\AndroidManifest.xml:201:13-49
213            android:exported="false" />
213-->src\main\AndroidManifest.xml:202:13-37
214        <activity
214-->src\main\AndroidManifest.xml:203:9-205:40
215            android:name="com.example.todosejercicios.ut03.FragmentPinpon"
215-->src\main\AndroidManifest.xml:204:13-48
216            android:exported="false" />
216-->src\main\AndroidManifest.xml:205:13-37
217        <activity
217-->src\main\AndroidManifest.xml:206:9-208:40
218            android:name="com.example.todosejercicios.ut03.ContadorPrincipal"
218-->src\main\AndroidManifest.xml:207:13-51
219            android:exported="false" />
219-->src\main\AndroidManifest.xml:208:13-37
220        <activity
220-->src\main\AndroidManifest.xml:209:9-211:40
221            android:name="com.example.todosejercicios.ut03.CountFragment"
221-->src\main\AndroidManifest.xml:210:13-47
222            android:exported="false" />
222-->src\main\AndroidManifest.xml:211:13-37
223        <activity
223-->src\main\AndroidManifest.xml:212:9-214:40
224            android:name="com.example.todosejercicios.ut02.Actividad9"
224-->src\main\AndroidManifest.xml:213:13-44
225            android:exported="false" />
225-->src\main\AndroidManifest.xml:214:13-37
226        <activity
226-->src\main\AndroidManifest.xml:215:9-217:40
227            android:name="com.example.todosejercicios.ut02.Monstruo"
227-->src\main\AndroidManifest.xml:216:13-42
228            android:exported="false" />
228-->src\main\AndroidManifest.xml:217:13-37
229        <activity
229-->src\main\AndroidManifest.xml:218:9-220:40
230            android:name="com.example.todosejercicios.ut02.MonstruoB"
230-->src\main\AndroidManifest.xml:219:13-43
231            android:exported="false" />
231-->src\main\AndroidManifest.xml:220:13-37
232        <activity
232-->src\main\AndroidManifest.xml:221:9-223:40
233            android:name="com.example.todosejercicios.ut02.MonstruoA"
233-->src\main\AndroidManifest.xml:222:13-43
234            android:exported="false" />
234-->src\main\AndroidManifest.xml:223:13-37
235        <activity
235-->src\main\AndroidManifest.xml:224:9-226:40
236            android:name="com.example.todosejercicios.ut02.AnalisisTextoB"
236-->src\main\AndroidManifest.xml:225:13-48
237            android:exported="false" />
237-->src\main\AndroidManifest.xml:226:13-37
238        <activity
238-->src\main\AndroidManifest.xml:227:9-229:40
239            android:name="com.example.todosejercicios.ut02.AnalisisTextoA"
239-->src\main\AndroidManifest.xml:228:13-48
240            android:exported="false" />
240-->src\main\AndroidManifest.xml:229:13-37
241        <activity
241-->src\main\AndroidManifest.xml:230:9-232:40
242            android:name="com.example.todosejercicios.ut02.FibonacciB"
242-->src\main\AndroidManifest.xml:231:13-44
243            android:exported="false" />
243-->src\main\AndroidManifest.xml:232:13-37
244        <activity
244-->src\main\AndroidManifest.xml:233:9-235:40
245            android:name="com.example.todosejercicios.ut02.FibonacciA"
245-->src\main\AndroidManifest.xml:234:13-44
246            android:exported="false" />
246-->src\main\AndroidManifest.xml:235:13-37
247        <activity
247-->src\main\AndroidManifest.xml:236:9-238:40
248            android:name="com.example.todosejercicios.ut02.HeladoB"
248-->src\main\AndroidManifest.xml:237:13-41
249            android:exported="false" />
249-->src\main\AndroidManifest.xml:238:13-37
250        <activity
250-->src\main\AndroidManifest.xml:239:9-241:40
251            android:name="com.example.todosejercicios.ut02.HeladoA"
251-->src\main\AndroidManifest.xml:240:13-41
252            android:exported="false" />
252-->src\main\AndroidManifest.xml:241:13-37
253        <activity
253-->src\main\AndroidManifest.xml:242:9-244:40
254            android:name="com.example.todosejercicios.ut01.piedraPapelTijera"
254-->src\main\AndroidManifest.xml:243:13-51
255            android:exported="false" />
255-->src\main\AndroidManifest.xml:244:13-37
256        <activity
256-->src\main\AndroidManifest.xml:245:9-247:40
257            android:name="com.example.todosejercicios.ut01.citatron"
257-->src\main\AndroidManifest.xml:246:13-42
258            android:exported="false" />
258-->src\main\AndroidManifest.xml:247:13-37
259        <activity
259-->src\main\AndroidManifest.xml:248:9-250:40
260            android:name="com.example.todosejercicios.ut01.propinatron"
260-->src\main\AndroidManifest.xml:249:13-45
261            android:exported="false" />
261-->src\main\AndroidManifest.xml:250:13-37
262        <activity
262-->src\main\AndroidManifest.xml:251:9-253:40
263            android:name="com.example.todosejercicios.MainActivity"
263-->src\main\AndroidManifest.xml:252:13-41
264            android:exported="false" />
264-->src\main\AndroidManifest.xml:253:13-37
265
266        <provider
266-->[androidx.emoji2:emoji2:1.2.0] AndroidManifest.xml:24:9-32:20
267            android:name="androidx.startup.InitializationProvider"
267-->[androidx.emoji2:emoji2:1.2.0] AndroidManifest.xml:25:13-67
268            android:authorities="com.example.todosejercicios.androidx-startup"
268-->[androidx.emoji2:emoji2:1.2.0] AndroidManifest.xml:26:13-68
269            android:exported="false" >
269-->[androidx.emoji2:emoji2:1.2.0] AndroidManifest.xml:27:13-37
270            <meta-data
270-->[androidx.emoji2:emoji2:1.2.0] AndroidManifest.xml:29:13-31:52
271                android:name="androidx.emoji2.text.EmojiCompatInitializer"
271-->[androidx.emoji2:emoji2:1.2.0] AndroidManifest.xml:30:17-75
272                android:value="androidx.startup" />
272-->[androidx.emoji2:emoji2:1.2.0] AndroidManifest.xml:31:17-49
273            <meta-data
273-->[androidx.lifecycle:lifecycle-process:2.6.1] AndroidManifest.xml:29:13-31:52
274                android:name="androidx.lifecycle.ProcessLifecycleInitializer"
274-->[androidx.lifecycle:lifecycle-process:2.6.1] AndroidManifest.xml:30:17-78
275                android:value="androidx.startup" />
275-->[androidx.lifecycle:lifecycle-process:2.6.1] AndroidManifest.xml:31:17-49
276            <meta-data
276-->[androidx.profileinstaller:profileinstaller:1.3.0] AndroidManifest.xml:29:13-31:52
277                android:name="androidx.profileinstaller.ProfileInstallerInitializer"
277-->[androidx.profileinstaller:profileinstaller:1.3.0] AndroidManifest.xml:30:17-85
278                android:value="androidx.startup" />
278-->[androidx.profileinstaller:profileinstaller:1.3.0] AndroidManifest.xml:31:17-49
279        </provider>
280
281        <receiver
281-->[androidx.profileinstaller:profileinstaller:1.3.0] AndroidManifest.xml:34:9-52:20
282            android:name="androidx.profileinstaller.ProfileInstallReceiver"
282-->[androidx.profileinstaller:profileinstaller:1.3.0] AndroidManifest.xml:35:13-76
283            android:directBootAware="false"
283-->[androidx.profileinstaller:profileinstaller:1.3.0] AndroidManifest.xml:36:13-44
284            android:enabled="true"
284-->[androidx.profileinstaller:profileinstaller:1.3.0] AndroidManifest.xml:37:13-35
285            android:exported="true"
285-->[androidx.profileinstaller:profileinstaller:1.3.0] AndroidManifest.xml:38:13-36
286            android:permission="android.permission.DUMP" >
286-->[androidx.profileinstaller:profileinstaller:1.3.0] AndroidManifest.xml:39:13-57
287            <intent-filter>
287-->[androidx.profileinstaller:profileinstaller:1.3.0] AndroidManifest.xml:40:13-42:29
288                <action android:name="androidx.profileinstaller.action.INSTALL_PROFILE" />
288-->[androidx.profileinstaller:profileinstaller:1.3.0] AndroidManifest.xml:41:17-91
288-->[androidx.profileinstaller:profileinstaller:1.3.0] AndroidManifest.xml:41:25-88
289            </intent-filter>
290            <intent-filter>
290-->[androidx.profileinstaller:profileinstaller:1.3.0] AndroidManifest.xml:43:13-45:29
291                <action android:name="androidx.profileinstaller.action.SKIP_FILE" />
291-->[androidx.profileinstaller:profileinstaller:1.3.0] AndroidManifest.xml:44:17-85
291-->[androidx.profileinstaller:profileinstaller:1.3.0] AndroidManifest.xml:44:25-82
292            </intent-filter>
293            <intent-filter>
293-->[androidx.profileinstaller:profileinstaller:1.3.0] AndroidManifest.xml:46:13-48:29
294                <action android:name="androidx.profileinstaller.action.SAVE_PROFILE" />
294-->[androidx.profileinstaller:profileinstaller:1.3.0] AndroidManifest.xml:47:17-88
294-->[androidx.profileinstaller:profileinstaller:1.3.0] AndroidManifest.xml:47:25-85
295            </intent-filter>
296            <intent-filter>
296-->[androidx.profileinstaller:profileinstaller:1.3.0] AndroidManifest.xml:49:13-51:29
297                <action android:name="androidx.profileinstaller.action.BENCHMARK_OPERATION" />
297-->[androidx.profileinstaller:profileinstaller:1.3.0] AndroidManifest.xml:50:17-95
297-->[androidx.profileinstaller:profileinstaller:1.3.0] AndroidManifest.xml:50:25-92
298            </intent-filter>
299        </receiver>
300    </application>
301
302</manifest>